{"/home/olga/Documents/Koulujuttuja/FullStack2019/viikko5/bloglist-frontend/src/App.js": {"path":"/home/olga/Documents/Koulujuttuja/FullStack2019/viikko5/bloglist-frontend/src/App.js","statementMap":{"0":{"start":{"line":11,"column":12},"end":{"line":207,"column":1}},"1":{"start":{"line":12,"column":28},"end":{"line":12,"column":40}},"2":{"start":{"line":13,"column":34},"end":{"line":13,"column":46}},"3":{"start":{"line":14,"column":34},"end":{"line":14,"column":46}},"4":{"start":{"line":15,"column":26},"end":{"line":15,"column":40}},"5":{"start":{"line":16,"column":34},"end":{"line":16,"column":46}},"6":{"start":{"line":17,"column":30},"end":{"line":17,"column":42}},"7":{"start":{"line":18,"column":36},"end":{"line":18,"column":48}},"8":{"start":{"line":19,"column":34},"end":{"line":19,"column":45}},"9":{"start":{"line":20,"column":32},"end":{"line":20,"column":46}},"10":{"start":{"line":23,"column":2},"end":{"line":27,"column":8}},"11":{"start":{"line":24,"column":4},"end":{"line":26,"column":5}},"12":{"start":{"line":25,"column":6},"end":{"line":25,"column":21}},"13":{"start":{"line":29,"column":2},"end":{"line":36,"column":8}},"14":{"start":{"line":30,"column":27},"end":{"line":30,"column":75}},"15":{"start":{"line":31,"column":4},"end":{"line":35,"column":5}},"16":{"start":{"line":32,"column":19},"end":{"line":32,"column":45}},"17":{"start":{"line":33,"column":6},"end":{"line":33,"column":19}},"18":{"start":{"line":34,"column":6},"end":{"line":34,"column":38}},"19":{"start":{"line":38,"column":18},"end":{"line":57,"column":3}},"20":{"start":{"line":39,"column":4},"end":{"line":39,"column":26}},"21":{"start":{"line":41,"column":23},"end":{"line":46,"column":5}},"22":{"start":{"line":48,"column":4},"end":{"line":51,"column":8}},"23":{"start":{"line":50,"column":8},"end":{"line":50,"column":44}},"24":{"start":{"line":52,"column":4},"end":{"line":52,"column":54}},"25":{"start":{"line":53,"column":4},"end":{"line":55,"column":12}},"26":{"start":{"line":54,"column":6},"end":{"line":54,"column":22}},"27":{"start":{"line":59,"column":21},"end":{"line":78,"column":3}},"28":{"start":{"line":61,"column":23},"end":{"line":67,"column":5}},"29":{"start":{"line":69,"column":4},"end":{"line":72,"column":8}},"30":{"start":{"line":71,"column":8},"end":{"line":71,"column":85}},"31":{"start":{"line":71,"column":35},"end":{"line":71,"column":83}},"32":{"start":{"line":74,"column":4},"end":{"line":74,"column":58}},"33":{"start":{"line":75,"column":4},"end":{"line":77,"column":12}},"34":{"start":{"line":76,"column":6},"end":{"line":76,"column":22}},"35":{"start":{"line":80,"column":21},"end":{"line":101,"column":3}},"36":{"start":{"line":82,"column":23},"end":{"line":88,"column":5}},"37":{"start":{"line":90,"column":4},"end":{"line":94,"column":7}},"38":{"start":{"line":92,"column":47},"end":{"line":92,"column":81}},"39":{"start":{"line":96,"column":4},"end":{"line":96,"column":56}},"40":{"start":{"line":97,"column":4},"end":{"line":99,"column":12}},"41":{"start":{"line":98,"column":6},"end":{"line":98,"column":22}},"42":{"start":{"line":104,"column":22},"end":{"line":127,"column":3}},"43":{"start":{"line":105,"column":4},"end":{"line":105,"column":26}},"44":{"start":{"line":106,"column":4},"end":{"line":126,"column":5}},"45":{"start":{"line":107,"column":19},"end":{"line":109,"column":8}},"46":{"start":{"line":110,"column":6},"end":{"line":112,"column":7}},"47":{"start":{"line":114,"column":6},"end":{"line":114,"column":38}},"48":{"start":{"line":115,"column":6},"end":{"line":115,"column":19}},"49":{"start":{"line":116,"column":6},"end":{"line":116,"column":21}},"50":{"start":{"line":117,"column":6},"end":{"line":117,"column":21}},"51":{"start":{"line":121,"column":6},"end":{"line":121,"column":47}},"52":{"start":{"line":122,"column":6},"end":{"line":124,"column":14}},"53":{"start":{"line":123,"column":8},"end":{"line":123,"column":24}},"54":{"start":{"line":129,"column":23},"end":{"line":144,"column":3}},"55":{"start":{"line":130,"column":4},"end":{"line":130,"column":26}},"56":{"start":{"line":132,"column":4},"end":{"line":143,"column":5}},"57":{"start":{"line":133,"column":6},"end":{"line":134,"column":8}},"58":{"start":{"line":136,"column":6},"end":{"line":138,"column":7}},"59":{"start":{"line":139,"column":6},"end":{"line":139,"column":19}},"60":{"start":{"line":142,"column":6},"end":{"line":142,"column":51}},"61":{"start":{"line":146,"column":2},"end":{"line":163,"column":3}},"62":{"start":{"line":147,"column":4},"end":{"line":162,"column":5}},"63":{"start":{"line":165,"column":20},"end":{"line":170,"column":3}},"64":{"start":{"line":166,"column":4},"end":{"line":168,"column":6}},"65":{"start":{"line":167,"column":6},"end":{"line":167,"column":30}},"66":{"start":{"line":169,"column":4},"end":{"line":169,"column":16}},"67":{"start":{"line":172,"column":2},"end":{"line":206,"column":3}},"68":{"start":{"line":186,"column":8},"end":{"line":188,"column":10}}},"fnMap":{"0":{"name":"(anonymous_0)","decl":{"start":{"line":11,"column":12},"end":{"line":11,"column":13}},"loc":{"start":{"line":11,"column":18},"end":{"line":207,"column":1}},"line":11},"1":{"name":"(anonymous_1)","decl":{"start":{"line":23,"column":12},"end":{"line":23,"column":13}},"loc":{"start":{"line":23,"column":18},"end":{"line":27,"column":3}},"line":23},"2":{"name":"(anonymous_2)","decl":{"start":{"line":24,"column":30},"end":{"line":24,"column":31}},"loc":{"start":{"line":25,"column":6},"end":{"line":25,"column":21}},"line":25},"3":{"name":"(anonymous_3)","decl":{"start":{"line":29,"column":12},"end":{"line":29,"column":13}},"loc":{"start":{"line":29,"column":18},"end":{"line":36,"column":3}},"line":29},"4":{"name":"(anonymous_4)","decl":{"start":{"line":38,"column":18},"end":{"line":38,"column":19}},"loc":{"start":{"line":38,"column":29},"end":{"line":57,"column":3}},"line":38},"5":{"name":"(anonymous_5)","decl":{"start":{"line":49,"column":31},"end":{"line":49,"column":32}},"loc":{"start":{"line":49,"column":47},"end":{"line":51,"column":7}},"line":49},"6":{"name":"(anonymous_6)","decl":{"start":{"line":53,"column":15},"end":{"line":53,"column":16}},"loc":{"start":{"line":53,"column":21},"end":{"line":55,"column":5}},"line":53},"7":{"name":"(anonymous_7)","decl":{"start":{"line":59,"column":21},"end":{"line":59,"column":22}},"loc":{"start":{"line":59,"column":38},"end":{"line":78,"column":3}},"line":59},"8":{"name":"(anonymous_8)","decl":{"start":{"line":70,"column":31},"end":{"line":70,"column":32}},"loc":{"start":{"line":70,"column":47},"end":{"line":72,"column":7}},"line":70},"9":{"name":"(anonymous_9)","decl":{"start":{"line":71,"column":27},"end":{"line":71,"column":28}},"loc":{"start":{"line":71,"column":35},"end":{"line":71,"column":83}},"line":71},"10":{"name":"(anonymous_10)","decl":{"start":{"line":75,"column":15},"end":{"line":75,"column":16}},"loc":{"start":{"line":75,"column":21},"end":{"line":77,"column":5}},"line":75},"11":{"name":"(anonymous_11)","decl":{"start":{"line":80,"column":21},"end":{"line":80,"column":22}},"loc":{"start":{"line":80,"column":38},"end":{"line":101,"column":3}},"line":80},"12":{"name":"(anonymous_12)","decl":{"start":{"line":92,"column":31},"end":{"line":92,"column":32}},"loc":{"start":{"line":92,"column":47},"end":{"line":92,"column":81}},"line":92},"13":{"name":"(anonymous_13)","decl":{"start":{"line":97,"column":15},"end":{"line":97,"column":16}},"loc":{"start":{"line":97,"column":21},"end":{"line":99,"column":5}},"line":97},"14":{"name":"(anonymous_14)","decl":{"start":{"line":104,"column":22},"end":{"line":104,"column":23}},"loc":{"start":{"line":104,"column":39},"end":{"line":127,"column":3}},"line":104},"15":{"name":"(anonymous_15)","decl":{"start":{"line":122,"column":17},"end":{"line":122,"column":18}},"loc":{"start":{"line":122,"column":23},"end":{"line":124,"column":7}},"line":122},"16":{"name":"(anonymous_16)","decl":{"start":{"line":129,"column":23},"end":{"line":129,"column":24}},"loc":{"start":{"line":129,"column":40},"end":{"line":144,"column":3}},"line":129},"17":{"name":"(anonymous_17)","decl":{"start":{"line":165,"column":20},"end":{"line":165,"column":21}},"loc":{"start":{"line":165,"column":31},"end":{"line":170,"column":3}},"line":165},"18":{"name":"(anonymous_18)","decl":{"start":{"line":166,"column":15},"end":{"line":166,"column":16}},"loc":{"start":{"line":166,"column":31},"end":{"line":168,"column":5}},"line":166},"19":{"name":"(anonymous_19)","decl":{"start":{"line":185,"column":28},"end":{"line":185,"column":29}},"loc":{"start":{"line":186,"column":8},"end":{"line":188,"column":10}},"line":186}},"branchMap":{"0":{"loc":{"start":{"line":31,"column":4},"end":{"line":35,"column":5}},"type":"if","locations":[{"start":{"line":31,"column":4},"end":{"line":35,"column":5}},{"start":{"line":31,"column":4},"end":{"line":35,"column":5}}],"line":31},"1":{"loc":{"start":{"line":71,"column":35},"end":{"line":71,"column":83}},"type":"cond-expr","locations":[{"start":{"line":71,"column":64},"end":{"line":71,"column":68}},{"start":{"line":71,"column":71},"end":{"line":71,"column":83}}],"line":71},"2":{"loc":{"start":{"line":146,"column":2},"end":{"line":163,"column":3}},"type":"if","locations":[{"start":{"line":146,"column":2},"end":{"line":163,"column":3}},{"start":{"line":146,"column":2},"end":{"line":163,"column":3}}],"line":146}},"s":{"0":1,"1":3,"2":3,"3":3,"4":3,"5":3,"6":3,"7":3,"8":3,"9":3,"10":3,"11":1,"12":1,"13":3,"14":1,"15":1,"16":0,"17":0,"18":0,"19":3,"20":0,"21":0,"22":0,"23":0,"24":0,"25":0,"26":0,"27":3,"28":0,"29":0,"30":0,"31":0,"32":0,"33":0,"34":0,"35":3,"36":0,"37":0,"38":0,"39":0,"40":0,"41":0,"42":3,"43":0,"44":0,"45":0,"46":0,"47":0,"48":0,"49":0,"50":0,"51":0,"52":0,"53":0,"54":3,"55":0,"56":0,"57":0,"58":0,"59":0,"60":0,"61":3,"62":3,"63":0,"64":0,"65":0,"66":0,"67":0,"68":0},"f":{"0":3,"1":1,"2":1,"3":1,"4":0,"5":0,"6":0,"7":0,"8":0,"9":0,"10":0,"11":0,"12":0,"13":0,"14":0,"15":0,"16":0,"17":0,"18":0,"19":0},"b":{"0":[0,1],"1":[0,0],"2":[3,0]},"_coverageSchema":"332fd63041d2c1bcb487cc26dd0d5f7d97098a6c","hash":"00c99386b9fef3245661e5bc1ebf795fe8ab11ce"}
,"/home/olga/Documents/Koulujuttuja/FullStack2019/viikko5/bloglist-frontend/src/index.js": {"path":"/home/olga/Documents/Koulujuttuja/FullStack2019/viikko5/bloglist-frontend/src/index.js","statementMap":{"0":{"start":{"line":1,"column":0},"end":{"line":null,"column":-1}},"1":{"start":{"line":2,"column":0},"end":{"line":null,"column":-1}},"2":{"start":{"line":3,"column":0},"end":{"line":null,"column":-1}},"3":{"start":{"line":5,"column":0},"end":{"line":null,"column":-1}}},"fnMap":{},"branchMap":{},"s":{"0":0,"1":0,"2":0,"3":0},"f":{},"b":{}}
,"/home/olga/Documents/Koulujuttuja/FullStack2019/viikko5/bloglist-frontend/src/setup.Tests.js": {"path":"/home/olga/Documents/Koulujuttuja/FullStack2019/viikko5/bloglist-frontend/src/setup.Tests.js","statementMap":{"0":{"start":{"line":1,"column":17},"end":{"line":1,"column":0}},"1":{"start":{"line":3,"column":25},"end":{"line":3,"column":0}},"2":{"start":{"line":5,"column":4},"end":{"line":null,"column":-1}},"3":{"start":{"line":7,"column":20},"end":{"line":3,"column":25}},"4":{"start":{"line":11,"column":0},"end":{"line":null,"column":-1}}},"fnMap":{"0":{"name":"(anonymous_0)","decl":{"start":{"line":4,"column":11},"end":{"line":4,"column":12}},"loc":{"start":{"line":4,"column":26},"end":{"line":3,"column":25}}},"1":{"name":"(anonymous_1)","decl":{"start":{"line":7,"column":12},"end":{"line":7,"column":10}},"loc":{"start":{"line":7,"column":20},"end":{"line":3,"column":25}}}},"branchMap":{},"s":{"0":0,"1":0,"2":0,"3":0,"4":0},"f":{"0":0,"1":0},"b":{}}
,"/home/olga/Documents/Koulujuttuja/FullStack2019/viikko5/bloglist-frontend/src/setupTests.js": {"path":"/home/olga/Documents/Koulujuttuja/FullStack2019/viikko5/bloglist-frontend/src/setupTests.js","statementMap":{},"fnMap":{},"branchMap":{},"s":{},"f":{},"b":{},"_coverageSchema":"332fd63041d2c1bcb487cc26dd0d5f7d97098a6c","hash":"32af158f379724e682315d35214935eebda1aefe"}
,"/home/olga/Documents/Koulujuttuja/FullStack2019/viikko5/bloglist-frontend/src/components/Blog.js": {"path":"/home/olga/Documents/Koulujuttuja/FullStack2019/viikko5/bloglist-frontend/src/components/Blog.js","statementMap":{"0":{"start":{"line":3,"column":13},"end":{"line":70,"column":1}},"1":{"start":{"line":4,"column":54},"end":{"line":4,"column":69}},"2":{"start":{"line":7,"column":26},"end":{"line":14,"column":3}},"3":{"start":{"line":16,"column":26},"end":{"line":23,"column":3}},"4":{"start":{"line":27,"column":22},"end":{"line":27,"column":27}},"5":{"start":{"line":29,"column":2},"end":{"line":39,"column":3}},"6":{"start":{"line":30,"column":4},"end":{"line":30,"column":25}},"7":{"start":{"line":31,"column":9},"end":{"line":39,"column":3}},"8":{"start":{"line":32,"column":4},"end":{"line":38,"column":5}},"9":{"start":{"line":33,"column":6},"end":{"line":33,"column":27}},"10":{"start":{"line":34,"column":11},"end":{"line":38,"column":5}},"11":{"start":{"line":35,"column":6},"end":{"line":35,"column":26}},"12":{"start":{"line":37,"column":6},"end":{"line":37,"column":27}},"13":{"start":{"line":41,"column":28},"end":{"line":43,"column":3}},"14":{"start":{"line":46,"column":2},"end":{"line":69,"column":3}},"15":{"start":{"line":51,"column":28},"end":{"line":51,"column":55}},"16":{"start":{"line":57,"column":28},"end":{"line":57,"column":56}},"17":{"start":{"line":62,"column":33},"end":{"line":62,"column":49}},"18":{"start":{"line":64,"column":35},"end":{"line":64,"column":51}}},"fnMap":{"0":{"name":"(anonymous_0)","decl":{"start":{"line":3,"column":13},"end":{"line":3,"column":14}},"loc":{"start":{"line":3,"column":57},"end":{"line":70,"column":1}},"line":3},"1":{"name":"(anonymous_1)","decl":{"start":{"line":51,"column":22},"end":{"line":51,"column":23}},"loc":{"start":{"line":51,"column":28},"end":{"line":51,"column":55}},"line":51},"2":{"name":"(anonymous_2)","decl":{"start":{"line":57,"column":22},"end":{"line":57,"column":23}},"loc":{"start":{"line":57,"column":28},"end":{"line":57,"column":56}},"line":57},"3":{"name":"(anonymous_3)","decl":{"start":{"line":62,"column":27},"end":{"line":62,"column":28}},"loc":{"start":{"line":62,"column":33},"end":{"line":62,"column":49}},"line":62},"4":{"name":"(anonymous_4)","decl":{"start":{"line":64,"column":29},"end":{"line":64,"column":30}},"loc":{"start":{"line":64,"column":35},"end":{"line":64,"column":51}},"line":64}},"branchMap":{"0":{"loc":{"start":{"line":8,"column":13},"end":{"line":8,"column":45}},"type":"cond-expr","locations":[{"start":{"line":8,"column":34},"end":{"line":8,"column":40}},{"start":{"line":8,"column":43},"end":{"line":8,"column":45}}],"line":8},"1":{"loc":{"start":{"line":17,"column":13},"end":{"line":17,"column":45}},"type":"cond-expr","locations":[{"start":{"line":17,"column":34},"end":{"line":17,"column":36}},{"start":{"line":17,"column":39},"end":{"line":17,"column":45}}],"line":17},"2":{"loc":{"start":{"line":29,"column":2},"end":{"line":39,"column":3}},"type":"if","locations":[{"start":{"line":29,"column":2},"end":{"line":39,"column":3}},{"start":{"line":29,"column":2},"end":{"line":39,"column":3}}],"line":29},"3":{"loc":{"start":{"line":31,"column":9},"end":{"line":39,"column":3}},"type":"if","locations":[{"start":{"line":31,"column":9},"end":{"line":39,"column":3}},{"start":{"line":31,"column":9},"end":{"line":39,"column":3}}],"line":31},"4":{"loc":{"start":{"line":32,"column":4},"end":{"line":38,"column":5}},"type":"if","locations":[{"start":{"line":32,"column":4},"end":{"line":38,"column":5}},{"start":{"line":32,"column":4},"end":{"line":38,"column":5}}],"line":32},"5":{"loc":{"start":{"line":34,"column":11},"end":{"line":38,"column":5}},"type":"if","locations":[{"start":{"line":34,"column":11},"end":{"line":38,"column":5}},{"start":{"line":34,"column":11},"end":{"line":38,"column":5}}],"line":34},"6":{"loc":{"start":{"line":42,"column":13},"end":{"line":42,"column":40}},"type":"cond-expr","locations":[{"start":{"line":42,"column":29},"end":{"line":42,"column":31}},{"start":{"line":42,"column":34},"end":{"line":42,"column":40}}],"line":42}},"s":{"0":2,"1":4,"2":4,"3":4,"4":4,"5":4,"6":0,"7":4,"8":4,"9":0,"10":4,"11":4,"12":0,"13":4,"14":4,"15":1,"16":0,"17":0,"18":0},"f":{"0":4,"1":1,"2":0,"3":0,"4":0},"b":{"0":[1,3],"1":[1,3],"2":[0,4],"3":[4,0],"4":[0,4],"5":[4,0],"6":[4,0]},"_coverageSchema":"332fd63041d2c1bcb487cc26dd0d5f7d97098a6c","hash":"ec38aa25531aa4021ef89ac02b28cfce7162c744"}
,"/home/olga/Documents/Koulujuttuja/FullStack2019/viikko5/bloglist-frontend/src/components/CreateBlog.js": {"path":"/home/olga/Documents/Koulujuttuja/FullStack2019/viikko5/bloglist-frontend/src/components/CreateBlog.js","statementMap":{"0":{"start":{"line":4,"column":23},"end":{"line":58,"column":1}},"1":{"start":{"line":16,"column":2},"end":{"line":20,"column":3}},"2":{"start":{"line":23,"column":2},"end":{"line":57,"column":3}},"3":{"start":{"line":30,"column":38},"end":{"line":30,"column":63}},"4":{"start":{"line":37,"column":38},"end":{"line":37,"column":64}},"5":{"start":{"line":44,"column":38},"end":{"line":44,"column":61}},"6":{"start":{"line":50,"column":38},"end":{"line":50,"column":63}}},"fnMap":{"0":{"name":"(anonymous_0)","decl":{"start":{"line":4,"column":23},"end":{"line":4,"column":24}},"loc":{"start":{"line":14,"column":6},"end":{"line":58,"column":1}},"line":14},"1":{"name":"(anonymous_1)","decl":{"start":{"line":30,"column":22},"end":{"line":30,"column":23}},"loc":{"start":{"line":30,"column":38},"end":{"line":30,"column":63}},"line":30},"2":{"name":"(anonymous_2)","decl":{"start":{"line":37,"column":22},"end":{"line":37,"column":23}},"loc":{"start":{"line":37,"column":38},"end":{"line":37,"column":64}},"line":37},"3":{"name":"(anonymous_3)","decl":{"start":{"line":44,"column":22},"end":{"line":44,"column":23}},"loc":{"start":{"line":44,"column":38},"end":{"line":44,"column":61}},"line":44},"4":{"name":"(anonymous_4)","decl":{"start":{"line":50,"column":22},"end":{"line":50,"column":23}},"loc":{"start":{"line":50,"column":38},"end":{"line":50,"column":63}},"line":50}},"branchMap":{},"s":{"0":1,"1":0,"2":0,"3":0,"4":0,"5":0,"6":0},"f":{"0":0,"1":0,"2":0,"3":0,"4":0},"b":{},"_coverageSchema":"332fd63041d2c1bcb487cc26dd0d5f7d97098a6c","hash":"cc089313de8ce8ccb78f2f23b3fc4f9ee7398576"}
,"/home/olga/Documents/Koulujuttuja/FullStack2019/viikko5/bloglist-frontend/src/components/LoginUser.js": {"path":"/home/olga/Documents/Koulujuttuja/FullStack2019/viikko5/bloglist-frontend/src/components/LoginUser.js","statementMap":{"0":{"start":{"line":4,"column":22},"end":{"line":35,"column":1}},"1":{"start":{"line":14,"column":2},"end":{"line":34,"column":3}},"2":{"start":{"line":21,"column":38},"end":{"line":21,"column":63}},"3":{"start":{"line":28,"column":38},"end":{"line":28,"column":63}}},"fnMap":{"0":{"name":"(anonymous_0)","decl":{"start":{"line":4,"column":22},"end":{"line":4,"column":23}},"loc":{"start":{"line":11,"column":6},"end":{"line":35,"column":1}},"line":11},"1":{"name":"(anonymous_1)","decl":{"start":{"line":21,"column":22},"end":{"line":21,"column":23}},"loc":{"start":{"line":21,"column":38},"end":{"line":21,"column":63}},"line":21},"2":{"name":"(anonymous_2)","decl":{"start":{"line":28,"column":22},"end":{"line":28,"column":23}},"loc":{"start":{"line":28,"column":38},"end":{"line":28,"column":63}},"line":28}},"branchMap":{},"s":{"0":1,"1":3,"2":0,"3":0},"f":{"0":3,"1":0,"2":0},"b":{},"_coverageSchema":"332fd63041d2c1bcb487cc26dd0d5f7d97098a6c","hash":"b21b6a40352d30456c8e10159cd6b829308f4a38"}
,"/home/olga/Documents/Koulujuttuja/FullStack2019/viikko5/bloglist-frontend/src/components/Notification.js": {"path":"/home/olga/Documents/Koulujuttuja/FullStack2019/viikko5/bloglist-frontend/src/components/Notification.js","statementMap":{"0":{"start":{"line":3,"column":21},"end":{"line":13,"column":1}},"1":{"start":{"line":4,"column":2},"end":{"line":6,"column":3}},"2":{"start":{"line":5,"column":4},"end":{"line":5,"column":15}},"3":{"start":{"line":8,"column":2},"end":{"line":12,"column":3}}},"fnMap":{"0":{"name":"(anonymous_0)","decl":{"start":{"line":3,"column":21},"end":{"line":3,"column":22}},"loc":{"start":{"line":3,"column":38},"end":{"line":13,"column":1}},"line":3}},"branchMap":{"0":{"loc":{"start":{"line":4,"column":2},"end":{"line":6,"column":3}},"type":"if","locations":[{"start":{"line":4,"column":2},"end":{"line":6,"column":3}},{"start":{"line":4,"column":2},"end":{"line":6,"column":3}}],"line":4}},"s":{"0":1,"1":3,"2":3,"3":0},"f":{"0":3},"b":{"0":[3,0]},"_coverageSchema":"332fd63041d2c1bcb487cc26dd0d5f7d97098a6c","hash":"d822ca19b0b27ae8e3b02fe4692d83088cbe57d0"}
,"/home/olga/Documents/Koulujuttuja/FullStack2019/viikko5/bloglist-frontend/src/components/SimpleBlog.js": {"path":"/home/olga/Documents/Koulujuttuja/FullStack2019/viikko5/bloglist-frontend/src/components/SimpleBlog.js","statementMap":{"0":{"start":{"line":3,"column":19},"end":{"line":13,"column":1}},"1":{"start":{"line":4,"column":2},"end":{"line":12,"column":8}}},"fnMap":{"0":{"name":"(anonymous_0)","decl":{"start":{"line":3,"column":19},"end":{"line":3,"column":20}},"loc":{"start":{"line":4,"column":2},"end":{"line":12,"column":8}},"line":4}},"branchMap":{},"s":{"0":1,"1":2},"f":{"0":2},"b":{},"_coverageSchema":"332fd63041d2c1bcb487cc26dd0d5f7d97098a6c","hash":"a12f0d96ef987e4cb9335c089b2ff45c1ebe86ec"}
,"/home/olga/Documents/Koulujuttuja/FullStack2019/viikko5/bloglist-frontend/src/components/Togglable.js": {"path":"/home/olga/Documents/Koulujuttuja/FullStack2019/viikko5/bloglist-frontend/src/components/Togglable.js","statementMap":{"0":{"start":{"line":3,"column":18},"end":{"line":24,"column":1}},"1":{"start":{"line":4,"column":32},"end":{"line":4,"column":47}},"2":{"start":{"line":6,"column":26},"end":{"line":6,"column":60}},"3":{"start":{"line":7,"column":26},"end":{"line":7,"column":60}},"4":{"start":{"line":9,"column":27},"end":{"line":11,"column":3}},"5":{"start":{"line":10,"column":4},"end":{"line":10,"column":24}},"6":{"start":{"line":13,"column":2},"end":{"line":23,"column":3}}},"fnMap":{"0":{"name":"(anonymous_0)","decl":{"start":{"line":3,"column":18},"end":{"line":3,"column":19}},"loc":{"start":{"line":3,"column":29},"end":{"line":24,"column":1}},"line":3},"1":{"name":"(anonymous_1)","decl":{"start":{"line":9,"column":27},"end":{"line":9,"column":28}},"loc":{"start":{"line":9,"column":33},"end":{"line":11,"column":3}},"line":9}},"branchMap":{"0":{"loc":{"start":{"line":6,"column":37},"end":{"line":6,"column":58}},"type":"cond-expr","locations":[{"start":{"line":6,"column":47},"end":{"line":6,"column":53}},{"start":{"line":6,"column":56},"end":{"line":6,"column":58}}],"line":6},"1":{"loc":{"start":{"line":7,"column":37},"end":{"line":7,"column":58}},"type":"cond-expr","locations":[{"start":{"line":7,"column":47},"end":{"line":7,"column":49}},{"start":{"line":7,"column":52},"end":{"line":7,"column":58}}],"line":7}},"s":{"0":1,"1":0,"2":0,"3":0,"4":0,"5":0,"6":0},"f":{"0":0,"1":0},"b":{"0":[0,0],"1":[0,0]},"_coverageSchema":"332fd63041d2c1bcb487cc26dd0d5f7d97098a6c","hash":"c4bc539d8c7d32458b37ce98b89e23558def5cf5"}
,"/home/olga/Documents/Koulujuttuja/FullStack2019/viikko5/bloglist-frontend/src/services/blogs.js": {"path":"/home/olga/Documents/Koulujuttuja/FullStack2019/viikko5/bloglist-frontend/src/services/blogs.js","statementMap":{"0":{"start":{"line":1,"column":0},"end":{"line":null,"column":-1}},"1":{"start":{"line":2,"column":16},"end":{"line":2,"column":0}},"2":{"start":{"line":4,"column":12},"end":{"line":4,"column":0}},"3":{"start":{"line":5,"column":17},"end":{"line":5,"column":0}},"4":{"start":{"line":6,"column":2},"end":{"line":null,"column":-1}},"5":{"start":{"line":9,"column":15},"end":{"line":9,"column":0}},"6":{"start":{"line":10,"column":18},"end":{"line":10,"column":2}},"7":{"start":{"line":11,"column":2},"end":{"line":null,"column":-1}},"8":{"start":{"line":11,"column":34},"end":{"line":11,"column":9}},"9":{"start":{"line":14,"column":15},"end":{"line":14,"column":0}},"10":{"start":{"line":15,"column":17},"end":{"line":15,"column":2}},"11":{"start":{"line":18,"column":19},"end":{"line":18,"column":2}},"12":{"start":{"line":19,"column":2},"end":{"line":null,"column":-1}},"13":{"start":{"line":22,"column":15},"end":{"line":22,"column":0}},"14":{"start":{"line":23,"column":17},"end":{"line":23,"column":2}},"15":{"start":{"line":26,"column":19},"end":{"line":26,"column":2}},"16":{"start":{"line":27,"column":2},"end":{"line":null,"column":-1}},"17":{"start":{"line":30,"column":15},"end":{"line":30,"column":0}},"18":{"start":{"line":31,"column":17},"end":{"line":31,"column":2}},"19":{"start":{"line":34,"column":2},"end":{"line":null,"column":-1}},"20":{"start":{"line":35,"column":2},"end":{"line":null,"column":-1}},"21":{"start":{"line":36,"column":19},"end":{"line":36,"column":2}},"22":{"start":{"line":37,"column":2},"end":{"line":null,"column":-1}},"23":{"start":{"line":38,"column":2},"end":{"line":null,"column":-1}}},"fnMap":{"0":{"name":"(anonymous_0)","decl":{"start":{"line":5,"column":17},"end":{"line":5,"column":24}},"loc":{"start":{"line":5,"column":29},"end":{"line":5,"column":0}}},"1":{"name":"(anonymous_1)","decl":{"start":{"line":9,"column":15},"end":{"line":9,"column":20}},"loc":{"start":{"line":9,"column":21},"end":{"line":9,"column":0}}},"2":{"name":"(anonymous_2)","decl":{"start":{"line":11,"column":22},"end":{"line":11,"column":29}},"loc":{"start":{"line":11,"column":34},"end":{"line":11,"column":9}}},"3":{"name":"(anonymous_3)","decl":{"start":{"line":14,"column":15},"end":{"line":14,"column":20}},"loc":{"start":{"line":14,"column":34},"end":{"line":14,"column":0}}},"4":{"name":"(anonymous_4)","decl":{"start":{"line":22,"column":15},"end":{"line":22,"column":20}},"loc":{"start":{"line":22,"column":35},"end":{"line":22,"column":0}}},"5":{"name":"(anonymous_5)","decl":{"start":{"line":30,"column":15},"end":{"line":30,"column":20}},"loc":{"start":{"line":30,"column":37},"end":{"line":30,"column":0}}}},"branchMap":{},"s":{"0":0,"1":0,"2":0,"3":0,"4":0,"5":0,"6":0,"7":0,"8":0,"9":0,"10":0,"11":0,"12":0,"13":0,"14":0,"15":0,"16":0,"17":0,"18":0,"19":0,"20":0,"21":0,"22":0,"23":0},"f":{"0":0,"1":0,"2":0,"3":0,"4":0,"5":0},"b":{}}
,"/home/olga/Documents/Koulujuttuja/FullStack2019/viikko5/bloglist-frontend/src/services/login.js": {"path":"/home/olga/Documents/Koulujuttuja/FullStack2019/viikko5/bloglist-frontend/src/services/login.js","statementMap":{"0":{"start":{"line":2,"column":16},"end":{"line":2,"column":28}},"1":{"start":{"line":4,"column":14},"end":{"line":7,"column":1}},"2":{"start":{"line":5,"column":19},"end":{"line":5,"column":57}},"3":{"start":{"line":6,"column":2},"end":{"line":6,"column":22}},"4":{"start":{"line":9,"column":15},"end":{"line":11,"column":1}}},"fnMap":{"0":{"name":"(anonymous_0)","decl":{"start":{"line":4,"column":14},"end":{"line":4,"column":15}},"loc":{"start":{"line":4,"column":35},"end":{"line":7,"column":1}},"line":4},"1":{"name":"(anonymous_1)","decl":{"start":{"line":9,"column":15},"end":{"line":9,"column":16}},"loc":{"start":{"line":9,"column":26},"end":{"line":11,"column":1}},"line":9}},"branchMap":{},"s":{"0":1,"1":1,"2":0,"3":0,"4":1},"f":{"0":0,"1":0},"b":{},"_coverageSchema":"332fd63041d2c1bcb487cc26dd0d5f7d97098a6c","hash":"262421f7cca391170103daf37a021742f3f0c40a"}
}
