TN:
SF:/home/olga/Documents/Koulujuttuja/FullStack2019/viikko5/bloglist-frontend/src/App.js
FN:11,(anonymous_0)
FN:23,(anonymous_1)
FN:24,(anonymous_2)
FN:29,(anonymous_3)
FN:38,(anonymous_4)
FN:49,(anonymous_5)
FN:53,(anonymous_6)
FN:59,(anonymous_7)
FN:70,(anonymous_8)
FN:71,(anonymous_9)
FN:75,(anonymous_10)
FN:80,(anonymous_11)
FN:92,(anonymous_12)
FN:97,(anonymous_13)
FN:104,(anonymous_14)
FN:122,(anonymous_15)
FN:129,(anonymous_16)
FN:165,(anonymous_17)
FN:166,(anonymous_18)
FN:185,(anonymous_19)
FNF:20
FNH:4
FNDA:3,(anonymous_0)
FNDA:1,(anonymous_1)
FNDA:1,(anonymous_2)
FNDA:1,(anonymous_3)
FNDA:0,(anonymous_4)
FNDA:0,(anonymous_5)
FNDA:0,(anonymous_6)
FNDA:0,(anonymous_7)
FNDA:0,(anonymous_8)
FNDA:0,(anonymous_9)
FNDA:0,(anonymous_10)
FNDA:0,(anonymous_11)
FNDA:0,(anonymous_12)
FNDA:0,(anonymous_13)
FNDA:0,(anonymous_14)
FNDA:0,(anonymous_15)
FNDA:0,(anonymous_16)
FNDA:0,(anonymous_17)
FNDA:0,(anonymous_18)
FNDA:0,(anonymous_19)
DA:11,1
DA:12,3
DA:13,3
DA:14,3
DA:15,3
DA:16,3
DA:17,3
DA:18,3
DA:19,3
DA:20,3
DA:23,3
DA:24,1
DA:25,1
DA:29,3
DA:30,1
DA:31,1
DA:32,0
DA:33,0
DA:34,0
DA:38,3
DA:39,0
DA:41,0
DA:48,0
DA:50,0
DA:52,0
DA:53,0
DA:54,0
DA:59,3
DA:61,0
DA:69,0
DA:71,0
DA:74,0
DA:75,0
DA:76,0
DA:80,3
DA:82,0
DA:90,0
DA:92,0
DA:96,0
DA:97,0
DA:98,0
DA:104,3
DA:105,0
DA:106,0
DA:107,0
DA:110,0
DA:114,0
DA:115,0
DA:116,0
DA:117,0
DA:121,0
DA:122,0
DA:123,0
DA:129,3
DA:130,0
DA:132,0
DA:133,0
DA:136,0
DA:139,0
DA:142,0
DA:146,3
DA:147,3
DA:165,0
DA:166,0
DA:167,0
DA:169,0
DA:172,0
DA:186,0
LF:68
LH:23
BRDA:31,0,0,0
BRDA:31,0,1,1
BRDA:71,1,0,0
BRDA:71,1,1,0
BRDA:146,2,0,3
BRDA:146,2,1,0
BRF:6
BRH:2
end_of_record
TN:
SF:/home/olga/Documents/Koulujuttuja/FullStack2019/viikko5/bloglist-frontend/src/index.js
FNF:0
FNH:0
DA:1,0
DA:2,0
DA:3,0
DA:5,0
LF:4
LH:0
BRF:0
BRH:0
end_of_record
TN:
SF:/home/olga/Documents/Koulujuttuja/FullStack2019/viikko5/bloglist-frontend/src/setup.Tests.js
FN:4,(anonymous_0)
FN:7,(anonymous_1)
FNF:2
FNH:0
FNDA:0,(anonymous_0)
FNDA:0,(anonymous_1)
DA:1,0
DA:3,0
DA:5,0
DA:7,0
DA:11,0
LF:5
LH:0
BRF:0
BRH:0
end_of_record
TN:
SF:/home/olga/Documents/Koulujuttuja/FullStack2019/viikko5/bloglist-frontend/src/setupTests.js
FNF:0
FNH:0
LF:0
LH:0
BRF:0
BRH:0
end_of_record
TN:
SF:/home/olga/Documents/Koulujuttuja/FullStack2019/viikko5/bloglist-frontend/src/components/Blog.js
FN:3,(anonymous_0)
FN:51,(anonymous_1)
FN:57,(anonymous_2)
FN:62,(anonymous_3)
FN:64,(anonymous_4)
FNF:5
FNH:2
FNDA:4,(anonymous_0)
FNDA:1,(anonymous_1)
FNDA:0,(anonymous_2)
FNDA:0,(anonymous_3)
FNDA:0,(anonymous_4)
DA:3,2
DA:4,4
DA:7,4
DA:16,4
DA:27,4
DA:29,4
DA:30,0
DA:31,4
DA:32,4
DA:33,0
DA:34,4
DA:35,4
DA:37,0
DA:41,4
DA:46,4
DA:51,1
DA:57,0
DA:62,0
DA:64,0
LF:19
LH:13
BRDA:8,0,0,1
BRDA:8,0,1,3
BRDA:17,1,0,1
BRDA:17,1,1,3
BRDA:29,2,0,0
BRDA:29,2,1,4
BRDA:31,3,0,4
BRDA:31,3,1,0
BRDA:32,4,0,0
BRDA:32,4,1,4
BRDA:34,5,0,4
BRDA:34,5,1,0
BRDA:42,6,0,4
BRDA:42,6,1,0
BRF:14
BRH:9
end_of_record
TN:
SF:/home/olga/Documents/Koulujuttuja/FullStack2019/viikko5/bloglist-frontend/src/components/CreateBlog.js
FN:4,(anonymous_0)
FN:30,(anonymous_1)
FN:37,(anonymous_2)
FN:44,(anonymous_3)
FN:50,(anonymous_4)
FNF:5
FNH:0
FNDA:0,(anonymous_0)
FNDA:0,(anonymous_1)
FNDA:0,(anonymous_2)
FNDA:0,(anonymous_3)
FNDA:0,(anonymous_4)
DA:4,1
DA:16,0
DA:23,0
DA:30,0
DA:37,0
DA:44,0
DA:50,0
LF:7
LH:1
BRF:0
BRH:0
end_of_record
TN:
SF:/home/olga/Documents/Koulujuttuja/FullStack2019/viikko5/bloglist-frontend/src/components/LoginUser.js
FN:4,(anonymous_0)
FN:21,(anonymous_1)
FN:28,(anonymous_2)
FNF:3
FNH:1
FNDA:3,(anonymous_0)
FNDA:0,(anonymous_1)
FNDA:0,(anonymous_2)
DA:4,1
DA:14,3
DA:21,0
DA:28,0
LF:4
LH:2
BRF:0
BRH:0
end_of_record
TN:
SF:/home/olga/Documents/Koulujuttuja/FullStack2019/viikko5/bloglist-frontend/src/components/Notification.js
FN:3,(anonymous_0)
FNF:1
FNH:1
FNDA:3,(anonymous_0)
DA:3,1
DA:4,3
DA:5,3
DA:8,0
LF:4
LH:3
BRDA:4,0,0,3
BRDA:4,0,1,0
BRF:2
BRH:1
end_of_record
TN:
SF:/home/olga/Documents/Koulujuttuja/FullStack2019/viikko5/bloglist-frontend/src/components/SimpleBlog.js
FN:3,(anonymous_0)
FNF:1
FNH:1
FNDA:2,(anonymous_0)
DA:3,1
DA:4,2
LF:2
LH:2
BRF:0
BRH:0
end_of_record
TN:
SF:/home/olga/Documents/Koulujuttuja/FullStack2019/viikko5/bloglist-frontend/src/components/Togglable.js
FN:3,(anonymous_0)
FN:9,(anonymous_1)
FNF:2
FNH:0
FNDA:0,(anonymous_0)
FNDA:0,(anonymous_1)
DA:3,1
DA:4,0
DA:6,0
DA:7,0
DA:9,0
DA:10,0
DA:13,0
LF:7
LH:1
BRDA:6,0,0,0
BRDA:6,0,1,0
BRDA:7,1,0,0
BRDA:7,1,1,0
BRF:4
BRH:0
end_of_record
TN:
SF:/home/olga/Documents/Koulujuttuja/FullStack2019/viikko5/bloglist-frontend/src/services/blogs.js
FN:5,(anonymous_0)
FN:9,(anonymous_1)
FN:11,(anonymous_2)
FN:14,(anonymous_3)
FN:22,(anonymous_4)
FN:30,(anonymous_5)
FNF:6
FNH:0
FNDA:0,(anonymous_0)
FNDA:0,(anonymous_1)
FNDA:0,(anonymous_2)
FNDA:0,(anonymous_3)
FNDA:0,(anonymous_4)
FNDA:0,(anonymous_5)
DA:1,0
DA:2,0
DA:4,0
DA:5,0
DA:6,0
DA:9,0
DA:10,0
DA:11,0
DA:14,0
DA:15,0
DA:18,0
DA:19,0
DA:22,0
DA:23,0
DA:26,0
DA:27,0
DA:30,0
DA:31,0
DA:34,0
DA:35,0
DA:36,0
DA:37,0
DA:38,0
LF:23
LH:0
BRF:0
BRH:0
end_of_record
TN:
SF:/home/olga/Documents/Koulujuttuja/FullStack2019/viikko5/bloglist-frontend/src/services/login.js
FN:4,(anonymous_0)
FN:9,(anonymous_1)
FNF:2
FNH:0
FNDA:0,(anonymous_0)
FNDA:0,(anonymous_1)
DA:2,1
DA:4,1
DA:5,0
DA:6,0
DA:9,1
LF:5
LH:3
BRF:0
BRH:0
end_of_record
